This file contains any messages produced by compilers while
running configure, to aid debugging if configure makes a mistake.

It was created by configure, which was
generated by GNU Autoconf 2.59.  Invocation command line was

  $ ./configure --includedir=/usr/local/include/ --libdir=/usr/local/lib/ --disable-lzo --with-ssl-headers=/usr/local/include/openssl/ --with-blowfish-headers=/usr/local/include/openssl/

## --------- ##
## Platform. ##
## --------- ##

hostname = byod113
uname -m = x86_64
uname -r = 17.7.0
uname -s = Darwin
uname -v = Darwin Kernel Version 17.7.0: Thu Jun 21 22:53:14 PDT 2018; root:xnu-4570.71.2~1/RELEASE_X86_64

/usr/bin/uname -p = i386
/bin/uname -X     = unknown

/bin/arch              = unknown
/usr/bin/arch -k       = unknown
/usr/convex/getsysinfo = unknown
hostinfo               = Mach kernel version:
	 Darwin Kernel Version 17.7.0: Thu Jun 21 22:53:14 PDT 2018; root:xnu-4570.71.2~1/RELEASE_X86_64
Kernel configured for up to 4 processors.
2 processors are physically available.
4 processors are logically available.
Processor type: x86_64h (Intel x86-64h Haswell)
Processors active: 0 1 2 3
Primary memory available: 8.00 gigabytes
Default processor set: 428 tasks, 1537 threads, 4 processors
Load average: 1.66, Mach factor: 2.38
/bin/machine           = unknown
/usr/bin/oslevel       = unknown
/bin/universe          = unknown

PATH: /usr/local/bin
PATH: /usr/bin
PATH: /bin
PATH: /usr/sbin
PATH: /sbin
PATH: /opt/X11/bin
PATH: /opt/local/bin
PATH: /opt/local/sbin
PATH: /Users/sergejkrivonos/.rvm/gems/ruby-2.3.0/bin
PATH: /Users/sergejkrivonos/.rvm/gems/ruby-2.3.0@global/bin
PATH: /Users/sergejkrivonos/.rvm/rubies/ruby-2.3.0/bin
PATH: /Users/sergejkrivonos/.rvm/bin


## ----------- ##
## Core tests. ##
## ----------- ##

configure:1443: checking build system type
configure:1461: result: i386-apple-darwin17.7.0
configure:1469: checking host system type
configure:1483: result: i386-apple-darwin17.7.0
configure:1491: checking target system type
configure:1505: result: i386-apple-darwin17.7.0
configure:1524: checking for bison
configure:1540: found /usr/bin/bison
configure:1550: result: bison -y
configure:1607: checking for gcc
configure:1623: found /usr/bin/gcc
configure:1633: result: gcc
configure:1877: checking for C compiler version
configure:1880: gcc --version </dev/null >&5
Configured with: --prefix=/Applications/Xcode.app/Contents/Developer/usr --with-gxx-include-dir=/Applications/Xcode.app/Contents/Developer/Platforms/MacOSX.platform/Developer/SDKs/MacOSX10.14.sdk/usr/include/c++/4.2.1
Apple LLVM version 10.0.0 (clang-1000.11.45.2)
Target: x86_64-apple-darwin17.7.0
Thread model: posix
InstalledDir: /Applications/Xcode.app/Contents/Developer/Toolchains/XcodeDefault.xctoolchain/usr/bin
configure:1883: $? = 0
configure:1885: gcc -v </dev/null >&5
Configured with: --prefix=/Applications/Xcode.app/Contents/Developer/usr --with-gxx-include-dir=/Applications/Xcode.app/Contents/Developer/Platforms/MacOSX.platform/Developer/SDKs/MacOSX10.14.sdk/usr/include/c++/4.2.1
Apple LLVM version 10.0.0 (clang-1000.11.45.2)
Target: x86_64-apple-darwin17.7.0
Thread model: posix
InstalledDir: /Applications/Xcode.app/Contents/Developer/Toolchains/XcodeDefault.xctoolchain/usr/bin
configure:1888: $? = 0
configure:1890: gcc -V </dev/null >&5
clang: error: argument to '-V' is missing (expected 1 value)
clang: error: no input files
configure:1893: $? = 1
configure:1916: checking for C compiler default output file name
configure:1919: gcc   -I/usr/local/include/openssl/  conftest.c  >&5
configure:1922: $? = 0
configure:1968: result: a.out
configure:1973: checking whether the C compiler works
configure:1979: ./a.out
configure:1982: $? = 0
configure:1999: result: yes
configure:2006: checking whether we are cross compiling
configure:2008: result: no
configure:2011: checking for suffix of executables
configure:2013: gcc -o conftest   -I/usr/local/include/openssl/  conftest.c  >&5
configure:2016: $? = 0
configure:2041: result: 
configure:2047: checking for suffix of object files
configure:2068: gcc -c   -I/usr/local/include/openssl/ conftest.c >&5
configure:2071: $? = 0
configure:2093: result: o
configure:2097: checking whether we are using the GNU C compiler
configure:2121: gcc -c   -I/usr/local/include/openssl/ conftest.c >&5
configure:2127: $? = 0
configure:2131: test -z 
			 || test ! -s conftest.err
configure:2134: $? = 0
configure:2137: test -s conftest.o
configure:2140: $? = 0
configure:2153: result: yes
configure:2159: checking whether gcc accepts -g
configure:2180: gcc -c -g  -I/usr/local/include/openssl/ conftest.c >&5
configure:2186: $? = 0
configure:2190: test -z 
			 || test ! -s conftest.err
configure:2193: $? = 0
configure:2196: test -s conftest.o
configure:2199: $? = 0
configure:2210: result: yes
configure:2227: checking for gcc option to accept ANSI C
configure:2297: gcc  -c -g -O2  -I/usr/local/include/openssl/ conftest.c >&5
configure:2303: $? = 0
configure:2307: test -z 
			 || test ! -s conftest.err
configure:2310: $? = 0
configure:2313: test -s conftest.o
configure:2316: $? = 0
configure:2334: result: none needed
configure:2352: gcc -c -g -O2  -I/usr/local/include/openssl/ conftest.c >&5
conftest.c:2:3: error: unknown type name 'choke'
  choke me
  ^
conftest.c:2:11: error: expected ';' after top level declarator
  choke me
          ^
          ;
2 errors generated.
configure:2358: $? = 1
configure: failed program was:
| #ifndef __cplusplus
|   choke me
| #endif
configure:2496: checking for flex
configure:2512: found /usr/bin/flex
configure:2522: result: flex
configure:2535: checking for yywrap in -lfl
configure:2565: gcc -o conftest -g -O2  -I/usr/local/include/openssl/  conftest.c -lfl   >&5
ld: library not found for -lfl
clang: error: linker command failed with exit code 1 (use -v to see invocation)
configure:2571: $? = 1
configure: failed program was:
| /* confdefs.h.  */
| 
| #define PACKAGE_NAME ""
| #define PACKAGE_TARNAME ""
| #define PACKAGE_VERSION ""
| #define PACKAGE_STRING ""
| #define PACKAGE_BUGREPORT ""
| /* end confdefs.h.  */
| 
| /* Override any gcc2 internal prototype to avoid an error.  */
| #ifdef __cplusplus
| extern "C"
| #endif
| /* We use char because int might match the return type of a gcc2
|    builtin and then its argument prototype would still apply.  */
| char yywrap ();
| int
| main ()
| {
| yywrap ();
|   ;
|   return 0;
| }
configure:2597: result: no
configure:2602: checking for yywrap in -ll
configure:2632: gcc -o conftest -g -O2  -I/usr/local/include/openssl/  conftest.c -ll   >&5
ld: warning: object file (/Applications/Xcode.app/Contents/Developer/Platforms/MacOSX.platform/Developer/SDKs/MacOSX10.14.sdk/usr/lib/libl.a(libyywrap.o)) was built for newer OSX version (10.14) than being linked (10.13)
configure:2638: $? = 0
configure:2642: test -z 
			 || test ! -s conftest.err
configure:2645: $? = 0
configure:2648: test -s conftest
configure:2651: $? = 0
configure:2664: result: yes
configure:2675: checking lex output file root
configure:2686: flex conftest.l
configure:2689: $? = 0
configure:2701: result: lex.yy
configure:2706: checking whether yytext is a pointer
configure:2722: gcc -o conftest -g -O2  -I/usr/local/include/openssl/  conftest.c  -ll >&5
ld: warning: object file (/Applications/Xcode.app/Contents/Developer/Platforms/MacOSX.platform/Developer/SDKs/MacOSX10.14.sdk/usr/lib/libl.a(libmain.o)) was built for newer OSX version (10.14) than being linked (10.13)
ld: warning: object file (/Applications/Xcode.app/Contents/Developer/Platforms/MacOSX.platform/Developer/SDKs/MacOSX10.14.sdk/usr/lib/libl.a(libyywrap.o)) was built for newer OSX version (10.14) than being linked (10.13)
configure:2728: $? = 0
configure:2732: test -z 
			 || test ! -s conftest.err
configure:2735: $? = 0
configure:2738: test -s conftest
configure:2741: $? = 0
configure:2755: result: yes
configure:2812: checking for gcc
configure:2838: result: gcc
configure:3082: checking for C compiler version
configure:3085: gcc --version </dev/null >&5
Configured with: --prefix=/Applications/Xcode.app/Contents/Developer/usr --with-gxx-include-dir=/Applications/Xcode.app/Contents/Developer/Platforms/MacOSX.platform/Developer/SDKs/MacOSX10.14.sdk/usr/include/c++/4.2.1
Apple LLVM version 10.0.0 (clang-1000.11.45.2)
Target: x86_64-apple-darwin17.7.0
Thread model: posix
InstalledDir: /Applications/Xcode.app/Contents/Developer/Toolchains/XcodeDefault.xctoolchain/usr/bin
configure:3088: $? = 0
configure:3090: gcc -v </dev/null >&5
Configured with: --prefix=/Applications/Xcode.app/Contents/Developer/usr --with-gxx-include-dir=/Applications/Xcode.app/Contents/Developer/Platforms/MacOSX.platform/Developer/SDKs/MacOSX10.14.sdk/usr/include/c++/4.2.1
Apple LLVM version 10.0.0 (clang-1000.11.45.2)
Target: x86_64-apple-darwin17.7.0
Thread model: posix
InstalledDir: /Applications/Xcode.app/Contents/Developer/Toolchains/XcodeDefault.xctoolchain/usr/bin
configure:3093: $? = 0
configure:3095: gcc -V </dev/null >&5
clang: error: argument to '-V' is missing (expected 1 value)
clang: error: no input files
configure:3098: $? = 1
configure:3101: checking whether we are using the GNU C compiler
configure:3157: result: yes
configure:3163: checking whether gcc accepts -g
configure:3214: result: yes
configure:3231: checking for gcc option to accept ANSI C
configure:3338: result: none needed
configure:3356: gcc -c -g -O2  -I/usr/local/include/openssl/ conftest.c >&5
conftest.c:2:3: error: unknown type name 'choke'
  choke me
  ^
conftest.c:2:11: error: expected ';' after top level declarator
  choke me
          ^
          ;
2 errors generated.
configure:3362: $? = 1
configure: failed program was:
| #ifndef __cplusplus
|   choke me
| #endif
configure:3508: checking for a BSD-compatible install
configure:3563: result: /usr/bin/install -c
configure:3575: checking for an ANSI C-conforming const
configure:3642: gcc -c -g -O2  -I/usr/local/include/openssl/ conftest.c >&5
configure:3648: $? = 0
configure:3652: test -z 
			 || test ! -s conftest.err
configure:3655: $? = 0
configure:3658: test -s conftest.o
configure:3661: $? = 0
configure:3672: result: yes
configure:3682: checking for inline
configure:3703: gcc -c -g -O2  -I/usr/local/include/openssl/ conftest.c >&5
configure:3709: $? = 0
configure:3713: test -z 
			 || test ! -s conftest.err
configure:3716: $? = 0
configure:3719: test -s conftest.o
configure:3722: $? = 0
configure:3734: result: inline
configure:3759: checking how to run the C preprocessor
configure:3794: gcc -E  -I/usr/local/include/openssl/ conftest.c
configure:3800: $? = 0
configure:3832: gcc -E  -I/usr/local/include/openssl/ conftest.c
conftest.c:10:10: fatal error: 'ac_nonexistent.h' file not found
#include <ac_nonexistent.h>
         ^~~~~~~~~~~~~~~~~~
1 error generated.
configure:3838: $? = 1
configure: failed program was:
| /* confdefs.h.  */
| 
| #define PACKAGE_NAME ""
| #define PACKAGE_TARNAME ""
| #define PACKAGE_VERSION ""
| #define PACKAGE_STRING ""
| #define PACKAGE_BUGREPORT ""
| #define YYTEXT_POINTER 1
| /* end confdefs.h.  */
| #include <ac_nonexistent.h>
configure:3877: result: gcc -E
configure:3901: gcc -E  -I/usr/local/include/openssl/ conftest.c
configure:3907: $? = 0
configure:3939: gcc -E  -I/usr/local/include/openssl/ conftest.c
conftest.c:10:10: fatal error: 'ac_nonexistent.h' file not found
#include <ac_nonexistent.h>
         ^~~~~~~~~~~~~~~~~~
1 error generated.
configure:3945: $? = 1
configure: failed program was:
| /* confdefs.h.  */
| 
| #define PACKAGE_NAME ""
| #define PACKAGE_TARNAME ""
| #define PACKAGE_VERSION ""
| #define PACKAGE_STRING ""
| #define PACKAGE_BUGREPORT ""
| #define YYTEXT_POINTER 1
| /* end confdefs.h.  */
| #include <ac_nonexistent.h>
configure:3989: checking for egrep
configure:3999: result: grep -E
configure:4004: checking for ANSI C header files
configure:4029: gcc -c -g -O2  -I/usr/local/include/openssl/ conftest.c >&5
configure:4035: $? = 0
configure:4039: test -z 
			 || test ! -s conftest.err
configure:4042: $? = 0
configure:4045: test -s conftest.o
configure:4048: $? = 0
configure:4137: gcc -o conftest -g -O2  -I/usr/local/include/openssl/  conftest.c  >&5
conftest.c:27:7: warning: implicitly declaring library function 'exit' with type 'void (int) __attribute__((noreturn))' [-Wimplicit-function-declaration]
      exit(2);
      ^
conftest.c:27:7: note: include the header <stdlib.h> or explicitly provide a declaration for 'exit'
1 warning generated.
configure:4140: $? = 0
configure:4142: ./conftest
configure:4145: $? = 0
configure:4160: result: yes
configure:4184: checking for sys/types.h
configure:4200: gcc -c -g -O2  -I/usr/local/include/openssl/ conftest.c >&5
configure:4206: $? = 0
configure:4210: test -z 
			 || test ! -s conftest.err
configure:4213: $? = 0
configure:4216: test -s conftest.o
configure:4219: $? = 0
configure:4230: result: yes
configure:4184: checking for sys/stat.h
configure:4200: gcc -c -g -O2  -I/usr/local/include/openssl/ conftest.c >&5
configure:4206: $? = 0
configure:4210: test -z 
			 || test ! -s conftest.err
configure:4213: $? = 0
configure:4216: test -s conftest.o
configure:4219: $? = 0
configure:4230: result: yes
configure:4184: checking for stdlib.h
configure:4200: gcc -c -g -O2  -I/usr/local/include/openssl/ conftest.c >&5
configure:4206: $? = 0
configure:4210: test -z 
			 || test ! -s conftest.err
configure:4213: $? = 0
configure:4216: test -s conftest.o
configure:4219: $? = 0
configure:4230: result: yes
configure:4184: checking for string.h
configure:4200: gcc -c -g -O2  -I/usr/local/include/openssl/ conftest.c >&5
configure:4206: $? = 0
configure:4210: test -z 
			 || test ! -s conftest.err
configure:4213: $? = 0
configure:4216: test -s conftest.o
configure:4219: $? = 0
configure:4230: result: yes
configure:4184: checking for memory.h
configure:4200: gcc -c -g -O2  -I/usr/local/include/openssl/ conftest.c >&5
configure:4206: $? = 0
configure:4210: test -z 
			 || test ! -s conftest.err
configure:4213: $? = 0
configure:4216: test -s conftest.o
configure:4219: $? = 0
configure:4230: result: yes
configure:4184: checking for strings.h
configure:4200: gcc -c -g -O2  -I/usr/local/include/openssl/ conftest.c >&5
configure:4206: $? = 0
configure:4210: test -z 
			 || test ! -s conftest.err
configure:4213: $? = 0
configure:4216: test -s conftest.o
configure:4219: $? = 0
configure:4230: result: yes
configure:4184: checking for inttypes.h
configure:4200: gcc -c -g -O2  -I/usr/local/include/openssl/ conftest.c >&5
configure:4206: $? = 0
configure:4210: test -z 
			 || test ! -s conftest.err
configure:4213: $? = 0
configure:4216: test -s conftest.o
configure:4219: $? = 0
configure:4230: result: yes
configure:4184: checking for stdint.h
configure:4200: gcc -c -g -O2  -I/usr/local/include/openssl/ conftest.c >&5
configure:4206: $? = 0
configure:4210: test -z 
			 || test ! -s conftest.err
configure:4213: $? = 0
configure:4216: test -s conftest.o
configure:4219: $? = 0
configure:4230: result: yes
configure:4184: checking for unistd.h
configure:4200: gcc -c -g -O2  -I/usr/local/include/openssl/ conftest.c >&5
configure:4206: $? = 0
configure:4210: test -z 
			 || test ! -s conftest.err
configure:4213: $? = 0
configure:4216: test -s conftest.o
configure:4219: $? = 0
configure:4230: result: yes
configure:4260: checking sys/resource.h usability
configure:4272: gcc -c -g -O2  -I/usr/local/include/openssl/ conftest.c >&5
configure:4278: $? = 0
configure:4282: test -z 
			 || test ! -s conftest.err
configure:4285: $? = 0
configure:4288: test -s conftest.o
configure:4291: $? = 0
configure:4301: result: yes
configure:4305: checking sys/resource.h presence
configure:4315: gcc -E  -I/usr/local/include/openssl/ conftest.c
configure:4321: $? = 0
configure:4341: result: yes
configure:4376: checking for sys/resource.h
configure:4383: result: yes
configure:4260: checking netdb.h usability
configure:4272: gcc -c -g -O2  -I/usr/local/include/openssl/ conftest.c >&5
configure:4278: $? = 0
configure:4282: test -z 
			 || test ! -s conftest.err
configure:4285: $? = 0
configure:4288: test -s conftest.o
configure:4291: $? = 0
configure:4301: result: yes
configure:4305: checking netdb.h presence
configure:4315: gcc -E  -I/usr/local/include/openssl/ conftest.c
configure:4321: $? = 0
configure:4341: result: yes
configure:4376: checking for netdb.h
configure:4383: result: yes
configure:4260: checking sched.h usability
configure:4272: gcc -c -g -O2  -I/usr/local/include/openssl/ conftest.c >&5
configure:4278: $? = 0
configure:4282: test -z 
			 || test ! -s conftest.err
configure:4285: $? = 0
configure:4288: test -s conftest.o
configure:4291: $? = 0
configure:4301: result: yes
configure:4305: checking sched.h presence
configure:4315: gcc -E  -I/usr/local/include/openssl/ conftest.c
configure:4321: $? = 0
configure:4341: result: yes
configure:4376: checking for sched.h
configure:4383: result: yes
configure:4260: checking resolv.h usability
configure:4272: gcc -c -g -O2  -I/usr/local/include/openssl/ conftest.c >&5
configure:4278: $? = 0
configure:4282: test -z 
			 || test ! -s conftest.err
configure:4285: $? = 0
configure:4288: test -s conftest.o
configure:4291: $? = 0
configure:4301: result: yes
configure:4305: checking resolv.h presence
configure:4315: gcc -E  -I/usr/local/include/openssl/ conftest.c
configure:4321: $? = 0
configure:4341: result: yes
configure:4376: checking for resolv.h
configure:4383: result: yes
configure:4260: checking arpa/inet.h usability
configure:4272: gcc -c -g -O2  -I/usr/local/include/openssl/ conftest.c >&5
configure:4278: $? = 0
configure:4282: test -z 
			 || test ! -s conftest.err
configure:4285: $? = 0
configure:4288: test -s conftest.o
configure:4291: $? = 0
configure:4301: result: yes
configure:4305: checking arpa/inet.h presence
configure:4315: gcc -E  -I/usr/local/include/openssl/ conftest.c
configure:4321: $? = 0
configure:4341: result: yes
configure:4376: checking for arpa/inet.h
configure:4383: result: yes
configure:4413: checking netinet/ip.h usability
configure:4425: gcc -c -g -O2  -I/usr/local/include/openssl/ conftest.c >&5
configure:4431: $? = 0
configure:4435: test -z 
			 || test ! -s conftest.err
configure:4438: $? = 0
configure:4441: test -s conftest.o
configure:4444: $? = 0
configure:4454: result: yes
configure:4458: checking netinet/ip.h presence
configure:4468: gcc -E  -I/usr/local/include/openssl/ conftest.c
configure:4474: $? = 0
configure:4494: result: yes
configure:4529: checking for netinet/ip.h
configure:4536: result: yes
configure:4413: checking netinet/in.h usability
configure:4425: gcc -c -g -O2  -I/usr/local/include/openssl/ conftest.c >&5
configure:4431: $? = 0
configure:4435: test -z 
			 || test ! -s conftest.err
configure:4438: $? = 0
configure:4441: test -s conftest.o
configure:4444: $? = 0
configure:4454: result: yes
configure:4458: checking netinet/in.h presence
configure:4468: gcc -E  -I/usr/local/include/openssl/ conftest.c
configure:4474: $? = 0
configure:4494: result: yes
configure:4529: checking for netinet/in.h
configure:4536: result: yes
configure:4413: checking netinet/tcp.h usability
configure:4425: gcc -c -g -O2  -I/usr/local/include/openssl/ conftest.c >&5
configure:4431: $? = 0
configure:4435: test -z 
			 || test ! -s conftest.err
configure:4438: $? = 0
configure:4441: test -s conftest.o
configure:4444: $? = 0
configure:4454: result: yes
configure:4458: checking netinet/tcp.h presence
configure:4468: gcc -E  -I/usr/local/include/openssl/ conftest.c
configure:4474: $? = 0
configure:4494: result: yes
configure:4529: checking for netinet/tcp.h
configure:4536: result: yes
configure:4413: checking netinet/in_systm.h usability
configure:4425: gcc -c -g -O2  -I/usr/local/include/openssl/ conftest.c >&5
configure:4431: $? = 0
configure:4435: test -z 
			 || test ! -s conftest.err
configure:4438: $? = 0
configure:4441: test -s conftest.o
configure:4444: $? = 0
configure:4454: result: yes
configure:4458: checking netinet/in_systm.h presence
configure:4468: gcc -E  -I/usr/local/include/openssl/ conftest.c
configure:4474: $? = 0
configure:4494: result: yes
configure:4529: checking for netinet/in_systm.h
configure:4536: result: yes
configure:4564: checking libutil.h usability
configure:4576: gcc -c -g -O2  -I/usr/local/include/openssl/ conftest.c >&5
conftest.c:63:10: fatal error: 'libutil.h' file not found
#include <libutil.h>
         ^~~~~~~~~~~
1 error generated.
configure:4582: $? = 1
configure: failed program was:
| /* confdefs.h.  */
| 
| #define PACKAGE_NAME ""
| #define PACKAGE_TARNAME ""
| #define PACKAGE_VERSION ""
| #define PACKAGE_STRING ""
| #define PACKAGE_BUGREPORT ""
| #define YYTEXT_POINTER 1
| #define STDC_HEADERS 1
| #define HAVE_SYS_TYPES_H 1
| #define HAVE_SYS_STAT_H 1
| #define HAVE_STDLIB_H 1
| #define HAVE_STRING_H 1
| #define HAVE_MEMORY_H 1
| #define HAVE_STRINGS_H 1
| #define HAVE_INTTYPES_H 1
| #define HAVE_STDINT_H 1
| #define HAVE_UNISTD_H 1
| #define HAVE_SYS_RESOURCE_H 1
| #define HAVE_NETDB_H 1
| #define HAVE_SCHED_H 1
| #define HAVE_RESOLV_H 1
| #define HAVE_ARPA_INET_H 1
| #define HAVE_NETINET_IP_H 1
| #define HAVE_NETINET_IN_H 1
| #define HAVE_NETINET_TCP_H 1
| #define HAVE_NETINET_IN_SYSTM_H 1
| /* end confdefs.h.  */
| #include <stdio.h>
| #if HAVE_SYS_TYPES_H
| # include <sys/types.h>
| #endif
| #if HAVE_SYS_STAT_H
| # include <sys/stat.h>
| #endif
| #if STDC_HEADERS
| # include <stdlib.h>
| # include <stddef.h>
| #else
| # if HAVE_STDLIB_H
| #  include <stdlib.h>
| # endif
| #endif
| #if HAVE_STRING_H
| # if !STDC_HEADERS && HAVE_MEMORY_H
| #  include <memory.h>
| # endif
| # include <string.h>
| #endif
| #if HAVE_STRINGS_H
| # include <strings.h>
| #endif
| #if HAVE_INTTYPES_H
| # include <inttypes.h>
| #else
| # if HAVE_STDINT_H
| #  include <stdint.h>
| # endif
| #endif
| #if HAVE_UNISTD_H
| # include <unistd.h>
| #endif
| #include <libutil.h>
configure:4605: result: no
configure:4609: checking libutil.h presence
configure:4619: gcc -E  -I/usr/local/include/openssl/ conftest.c
conftest.c:29:10: fatal error: 'libutil.h' file not found
#include <libutil.h>
         ^~~~~~~~~~~
1 error generated.
configure:4625: $? = 1
configure: failed program was:
| /* confdefs.h.  */
| 
| #define PACKAGE_NAME ""
| #define PACKAGE_TARNAME ""
| #define PACKAGE_VERSION ""
| #define PACKAGE_STRING ""
| #define PACKAGE_BUGREPORT ""
| #define YYTEXT_POINTER 1
| #define STDC_HEADERS 1
| #define HAVE_SYS_TYPES_H 1
| #define HAVE_SYS_STAT_H 1
| #define HAVE_STDLIB_H 1
| #define HAVE_STRING_H 1
| #define HAVE_MEMORY_H 1
| #define HAVE_STRINGS_H 1
| #define HAVE_INTTYPES_H 1
| #define HAVE_STDINT_H 1
| #define HAVE_UNISTD_H 1
| #define HAVE_SYS_RESOURCE_H 1
| #define HAVE_NETDB_H 1
| #define HAVE_SCHED_H 1
| #define HAVE_RESOLV_H 1
| #define HAVE_ARPA_INET_H 1
| #define HAVE_NETINET_IP_H 1
| #define HAVE_NETINET_IN_H 1
| #define HAVE_NETINET_TCP_H 1
| #define HAVE_NETINET_IN_SYSTM_H 1
| /* end confdefs.h.  */
| #include <libutil.h>
configure:4645: result: no
configure:4680: checking for libutil.h
configure:4687: result: no
configure:4564: checking sys/sockio.h usability
configure:4576: gcc -c -g -O2  -I/usr/local/include/openssl/ conftest.c >&5
configure:4582: $? = 0
configure:4586: test -z 
			 || test ! -s conftest.err
configure:4589: $? = 0
configure:4592: test -s conftest.o
configure:4595: $? = 0
configure:4605: result: yes
configure:4609: checking sys/sockio.h presence
configure:4619: gcc -E  -I/usr/local/include/openssl/ conftest.c
configure:4625: $? = 0
configure:4645: result: yes
configure:4680: checking for sys/sockio.h
configure:4687: result: yes
configure:4701: checking for library containing socket
configure:4731: gcc -o conftest -g -O2  -I/usr/local/include/openssl/  conftest.c  >&5
configure:4737: $? = 0
configure:4741: test -z 
			 || test ! -s conftest.err
configure:4744: $? = 0
configure:4747: test -s conftest
configure:4750: $? = 0
configure:4820: result: none required
configure:4828: checking for library containing inet_ntoa
configure:4858: gcc -o conftest -g -O2  -I/usr/local/include/openssl/  conftest.c  >&5
configure:4864: $? = 0
configure:4868: test -z 
			 || test ! -s conftest.err
configure:4871: $? = 0
configure:4874: test -s conftest
configure:4877: $? = 0
configure:4947: result: none required
configure:4955: checking for library containing gethostbyname
configure:4985: gcc -o conftest -g -O2  -I/usr/local/include/openssl/  conftest.c  >&5
configure:4991: $? = 0
configure:4995: test -z 
			 || test ! -s conftest.err
configure:4998: $? = 0
configure:5001: test -s conftest
configure:5004: $? = 0
configure:5074: result: none required
configure:5082: checking for library containing nanosleep
configure:5112: gcc -o conftest -g -O2  -I/usr/local/include/openssl/  conftest.c  >&5
configure:5118: $? = 0
configure:5122: test -z 
			 || test ! -s conftest.err
configure:5125: $? = 0
configure:5128: test -s conftest
configure:5131: $? = 0
configure:5201: result: none required
configure:5209: checking for library containing setproctitle
configure:5239: gcc -o conftest -g -O2  -I/usr/local/include/openssl/  conftest.c  >&5
Undefined symbols for architecture x86_64:
  "_setproctitle", referenced from:
      _main in conftest-e0d97f.o
ld: symbol(s) not found for architecture x86_64
clang: error: linker command failed with exit code 1 (use -v to see invocation)
configure:5245: $? = 1
configure: failed program was:
| /* confdefs.h.  */
| 
| #define PACKAGE_NAME ""
| #define PACKAGE_TARNAME ""
| #define PACKAGE_VERSION ""
| #define PACKAGE_STRING ""
| #define PACKAGE_BUGREPORT ""
| #define YYTEXT_POINTER 1
| #define STDC_HEADERS 1
| #define HAVE_SYS_TYPES_H 1
| #define HAVE_SYS_STAT_H 1
| #define HAVE_STDLIB_H 1
| #define HAVE_STRING_H 1
| #define HAVE_MEMORY_H 1
| #define HAVE_STRINGS_H 1
| #define HAVE_INTTYPES_H 1
| #define HAVE_STDINT_H 1
| #define HAVE_UNISTD_H 1
| #define HAVE_SYS_RESOURCE_H 1
| #define HAVE_NETDB_H 1
| #define HAVE_SCHED_H 1
| #define HAVE_RESOLV_H 1
| #define HAVE_ARPA_INET_H 1
| #define HAVE_NETINET_IP_H 1
| #define HAVE_NETINET_IN_H 1
| #define HAVE_NETINET_TCP_H 1
| #define HAVE_NETINET_IN_SYSTM_H 1
| #define HAVE_SYS_SOCKIO_H 1
| /* end confdefs.h.  */
| 
| /* Override any gcc2 internal prototype to avoid an error.  */
| #ifdef __cplusplus
| extern "C"
| #endif
| /* We use char because int might match the return type of a gcc2
|    builtin and then its argument prototype would still apply.  */
| char setproctitle ();
| int
| main ()
| {
| setproctitle ();
|   ;
|   return 0;
| }
configure:5294: gcc -o conftest -g -O2  -I/usr/local/include/openssl/  conftest.c -lutil   >&5
Undefined symbols for architecture x86_64:
  "_setproctitle", referenced from:
      _main in conftest-1ad1e1.o
ld: symbol(s) not found for architecture x86_64
clang: error: linker command failed with exit code 1 (use -v to see invocation)
configure:5300: $? = 1
configure: failed program was:
| /* confdefs.h.  */
| 
| #define PACKAGE_NAME ""
| #define PACKAGE_TARNAME ""
| #define PACKAGE_VERSION ""
| #define PACKAGE_STRING ""
| #define PACKAGE_BUGREPORT ""
| #define YYTEXT_POINTER 1
| #define STDC_HEADERS 1
| #define HAVE_SYS_TYPES_H 1
| #define HAVE_SYS_STAT_H 1
| #define HAVE_STDLIB_H 1
| #define HAVE_STRING_H 1
| #define HAVE_MEMORY_H 1
| #define HAVE_STRINGS_H 1
| #define HAVE_INTTYPES_H 1
| #define HAVE_STDINT_H 1
| #define HAVE_UNISTD_H 1
| #define HAVE_SYS_RESOURCE_H 1
| #define HAVE_NETDB_H 1
| #define HAVE_SCHED_H 1
| #define HAVE_RESOLV_H 1
| #define HAVE_ARPA_INET_H 1
| #define HAVE_NETINET_IP_H 1
| #define HAVE_NETINET_IN_H 1
| #define HAVE_NETINET_TCP_H 1
| #define HAVE_NETINET_IN_SYSTM_H 1
| #define HAVE_SYS_SOCKIO_H 1
| /* end confdefs.h.  */
| 
| /* Override any gcc2 internal prototype to avoid an error.  */
| #ifdef __cplusplus
| extern "C"
| #endif
| /* We use char because int might match the return type of a gcc2
|    builtin and then its argument prototype would still apply.  */
| char setproctitle ();
| int
| main ()
| {
| setproctitle ();
|   ;
|   return 0;
| }
configure:5294: gcc -o conftest -g -O2  -I/usr/local/include/openssl/  conftest.c -lbsd   >&5
ld: library not found for -lbsd
clang: error: linker command failed with exit code 1 (use -v to see invocation)
configure:5300: $? = 1
configure: failed program was:
| /* confdefs.h.  */
| 
| #define PACKAGE_NAME ""
| #define PACKAGE_TARNAME ""
| #define PACKAGE_VERSION ""
| #define PACKAGE_STRING ""
| #define PACKAGE_BUGREPORT ""
| #define YYTEXT_POINTER 1
| #define STDC_HEADERS 1
| #define HAVE_SYS_TYPES_H 1
| #define HAVE_SYS_STAT_H 1
| #define HAVE_STDLIB_H 1
| #define HAVE_STRING_H 1
| #define HAVE_MEMORY_H 1
| #define HAVE_STRINGS_H 1
| #define HAVE_INTTYPES_H 1
| #define HAVE_STDINT_H 1
| #define HAVE_UNISTD_H 1
| #define HAVE_SYS_RESOURCE_H 1
| #define HAVE_NETDB_H 1
| #define HAVE_SCHED_H 1
| #define HAVE_RESOLV_H 1
| #define HAVE_ARPA_INET_H 1
| #define HAVE_NETINET_IP_H 1
| #define HAVE_NETINET_IN_H 1
| #define HAVE_NETINET_TCP_H 1
| #define HAVE_NETINET_IN_SYSTM_H 1
| #define HAVE_SYS_SOCKIO_H 1
| /* end confdefs.h.  */
| 
| /* Override any gcc2 internal prototype to avoid an error.  */
| #ifdef __cplusplus
| extern "C"
| #endif
| /* We use char because int might match the return type of a gcc2
|    builtin and then its argument prototype would still apply.  */
| char setproctitle ();
| int
| main ()
| {
| setproctitle ();
|   ;
|   return 0;
| }
configure:5328: result: no
configure:5347: result: 
configure:5349: checking for ZLIB Library and Header files ... ...
configure:5351: checking for deflate in -lz
configure:5381: gcc -o conftest -g -O2  -I/usr/local/include/openssl/  conftest.c -lz   >&5
configure:5387: $? = 0
configure:5391: test -z 
			 || test ! -s conftest.err
configure:5394: $? = 0
configure:5397: test -s conftest
configure:5400: $? = 0
configure:5413: result: yes
configure:5622: result: 
configure:5624: checking for md5 Library and Header files ... ...
configure:5627: checking "for md5.h"
configure:5660: result: (/usr/local/include/openssl/) yes 
configure:5675: result: 
configure:5677: checking for blowfish Library and Header files ... ...
configure:5680: checking "for blowfish.h"
configure:5713: result: (/usr/local/include/openssl/) yes 
configure:5715: checking for BF_set_key in -lcrypto
configure:5745: gcc -o conftest -g -O2  -I/usr/local/include/openssl/ -I/usr/local/include/openssl/ -I/usr/local/include/openssl/  conftest.c -lcrypto   -lz >&5
configure:5751: $? = 0
configure:5755: test -z 
			 || test ! -s conftest.err
configure:5758: $? = 0
configure:5761: test -s conftest
configure:5764: $? = 0
configure:5777: result: yes
configure:5810: result: 
configure:5812: checking for AES Library and Header files ... ...
configure:5815: checking "for aes.h"
configure:5848: result: (/usr/local/include/openssl/) yes 
configure:5850: checking for AES_set_encrypt_key in -lcrypto
configure:5880: gcc -o conftest -g -O2  -I/usr/local/include/openssl/ -I/usr/local/include/openssl/ -I/usr/local/include/openssl/ -I/usr/local/include/openssl/  conftest.c -lcrypto   -lz -lcrypto >&5
configure:5886: $? = 0
configure:5890: test -z 
			 || test ! -s conftest.err
configure:5893: $? = 0
configure:5896: test -s conftest
configure:5899: $? = 0
configure:5912: result: yes
configure:5940: result: 
configure:5942: checking for EVP Library and Header files ... ...
configure:5945: checking "for evp.h"
configure:5978: result: (/usr/local/include/openssl/) yes 
configure:5980: checking for EVP_EncryptInit in -lcrypto
configure:6010: gcc -o conftest -g -O2  -I/usr/local/include/openssl/ -I/usr/local/include/openssl/ -I/usr/local/include/openssl/ -I/usr/local/include/openssl/ -I/usr/local/include/openssl/  conftest.c -lcrypto   -lz -lcrypto >&5
configure:6016: $? = 0
configure:6020: test -z 
			 || test ! -s conftest.err
configure:6023: $? = 0
configure:6026: test -s conftest
configure:6029: $? = 0
configure:6042: result: yes
configure:6232: result: 
configure:6242: checking for getpt
configure:6299: gcc -o conftest -g -O2  -I/usr/local/include/openssl/ -I/usr/local/include/openssl/ -I/usr/local/include/openssl/ -I/usr/local/include/openssl/ -I/usr/local/include/openssl/  conftest.c  -lz -lcrypto >&5
Undefined symbols for architecture x86_64:
  "_getpt", referenced from:
      _main in conftest-631a3a.o
      _f in conftest-631a3a.o
ld: symbol(s) not found for architecture x86_64
clang: error: linker command failed with exit code 1 (use -v to see invocation)
configure:6305: $? = 1
configure: failed program was:
| /* confdefs.h.  */
| 
| #define PACKAGE_NAME ""
| #define PACKAGE_TARNAME ""
| #define PACKAGE_VERSION ""
| #define PACKAGE_STRING ""
| #define PACKAGE_BUGREPORT ""
| #define YYTEXT_POINTER 1
| #define STDC_HEADERS 1
| #define HAVE_SYS_TYPES_H 1
| #define HAVE_SYS_STAT_H 1
| #define HAVE_STDLIB_H 1
| #define HAVE_STRING_H 1
| #define HAVE_MEMORY_H 1
| #define HAVE_STRINGS_H 1
| #define HAVE_INTTYPES_H 1
| #define HAVE_STDINT_H 1
| #define HAVE_UNISTD_H 1
| #define HAVE_SYS_RESOURCE_H 1
| #define HAVE_NETDB_H 1
| #define HAVE_SCHED_H 1
| #define HAVE_RESOLV_H 1
| #define HAVE_ARPA_INET_H 1
| #define HAVE_NETINET_IP_H 1
| #define HAVE_NETINET_IN_H 1
| #define HAVE_NETINET_TCP_H 1
| #define HAVE_NETINET_IN_SYSTM_H 1
| #define HAVE_SYS_SOCKIO_H 1
| #define HAVE_SHAPER 1
| #define HAVE_ZLIB 1
| #define HAVE_SSL 1
| #define HAVE_SSL_BLOWFISH 1
| #define HAVE_SSL_AES 1
| #define HAVE_SSL_EVP 1
| #define ENABLE_NAT_HACK 1
| /* end confdefs.h.  */
| /* Define getpt to an innocuous variant, in case <limits.h> declares getpt.
|    For example, HP-UX 11i <limits.h> declares gettimeofday.  */
| #define getpt innocuous_getpt
| 
| /* System header to define __stub macros and hopefully few prototypes,
|     which can conflict with char getpt (); below.
|     Prefer <limits.h> to <assert.h> if __STDC__ is defined, since
|     <limits.h> exists even on freestanding compilers.  */
| 
| #ifdef __STDC__
| # include <limits.h>
| #else
| # include <assert.h>
| #endif
| 
| #undef getpt
| 
| /* Override any gcc2 internal prototype to avoid an error.  */
| #ifdef __cplusplus
| extern "C"
| {
| #endif
| /* We use char because int might match the return type of a gcc2
|    builtin and then its argument prototype would still apply.  */
| char getpt ();
| /* The GNU C library defines this for functions which it implements
|     to always fail with ENOSYS.  Some functions are actually named
|     something starting with __ and the normal name is an alias.  */
| #if defined (__stub_getpt) || defined (__stub___getpt)
| choke me
| #else
| char (*f) () = getpt;
| #endif
| #ifdef __cplusplus
| }
| #endif
| 
| int
| main ()
| {
| return f != getpt;
|   ;
|   return 0;
| }
configure:6330: result: no
configure:6242: checking for grantpt
configure:6299: gcc -o conftest -g -O2  -I/usr/local/include/openssl/ -I/usr/local/include/openssl/ -I/usr/local/include/openssl/ -I/usr/local/include/openssl/ -I/usr/local/include/openssl/  conftest.c  -lz -lcrypto >&5
configure:6305: $? = 0
configure:6309: test -z 
			 || test ! -s conftest.err
configure:6312: $? = 0
configure:6315: test -s conftest
configure:6318: $? = 0
configure:6330: result: yes
configure:6242: checking for unlockpt
configure:6299: gcc -o conftest -g -O2  -I/usr/local/include/openssl/ -I/usr/local/include/openssl/ -I/usr/local/include/openssl/ -I/usr/local/include/openssl/ -I/usr/local/include/openssl/  conftest.c  -lz -lcrypto >&5
configure:6305: $? = 0
configure:6309: test -z 
			 || test ! -s conftest.err
configure:6312: $? = 0
configure:6315: test -s conftest
configure:6318: $? = 0
configure:6330: result: yes
configure:6242: checking for ptsname
configure:6299: gcc -o conftest -g -O2  -I/usr/local/include/openssl/ -I/usr/local/include/openssl/ -I/usr/local/include/openssl/ -I/usr/local/include/openssl/ -I/usr/local/include/openssl/  conftest.c  -lz -lcrypto >&5
configure:6305: $? = 0
configure:6309: test -z 
			 || test ! -s conftest.err
configure:6312: $? = 0
configure:6315: test -s conftest
configure:6318: $? = 0
configure:6330: result: yes
configure:6511: result: creating driver and protocol links ... 
configure:6536: result: 
configure:6644: creating ./config.status

## ---------------------- ##
## Running config.status. ##
## ---------------------- ##

This file was extended by config.status, which was
generated by GNU Autoconf 2.59.  Invocation command line was

  CONFIG_FILES    = 
  CONFIG_HEADERS  = 
  CONFIG_LINKS    = 
  CONFIG_COMMANDS = 
  $ ./config.status 

on byod113

config.status:665: creating Makefile
config.status:769: creating config.h
config.status:915: config.h is unchanged

## ---------------- ##
## Cache variables. ##
## ---------------- ##

ac_cv_build=i386-apple-darwin17.7.0
ac_cv_build_alias=i386-apple-darwin17.7.0
ac_cv_c_compiler_gnu=yes
ac_cv_c_const=yes
ac_cv_c_inline=inline
ac_cv_env_CC_set=
ac_cv_env_CC_value=
ac_cv_env_CFLAGS_set=
ac_cv_env_CFLAGS_value=
ac_cv_env_CPPFLAGS_set=
ac_cv_env_CPPFLAGS_value=
ac_cv_env_CPP_set=
ac_cv_env_CPP_value=
ac_cv_env_LDFLAGS_set=
ac_cv_env_LDFLAGS_value=
ac_cv_env_build_alias_set=
ac_cv_env_build_alias_value=
ac_cv_env_host_alias_set=
ac_cv_env_host_alias_value=
ac_cv_env_target_alias_set=
ac_cv_env_target_alias_value=
ac_cv_exeext=
ac_cv_func_getpt=no
ac_cv_func_grantpt=yes
ac_cv_func_ptsname=yes
ac_cv_func_unlockpt=yes
ac_cv_header_arpa_inet_h=yes
ac_cv_header_inttypes_h=yes
ac_cv_header_libutil_h=no
ac_cv_header_memory_h=yes
ac_cv_header_netdb_h=yes
ac_cv_header_netinet_in_h=yes
ac_cv_header_netinet_in_systm_h=yes
ac_cv_header_netinet_ip_h=yes
ac_cv_header_netinet_tcp_h=yes
ac_cv_header_resolv_h=yes
ac_cv_header_sched_h=yes
ac_cv_header_stdc=yes
ac_cv_header_stdint_h=yes
ac_cv_header_stdlib_h=yes
ac_cv_header_string_h=yes
ac_cv_header_strings_h=yes
ac_cv_header_sys_resource_h=yes
ac_cv_header_sys_sockio_h=yes
ac_cv_header_sys_stat_h=yes
ac_cv_header_sys_types_h=yes
ac_cv_header_unistd_h=yes
ac_cv_host=i386-apple-darwin17.7.0
ac_cv_host_alias=i386-apple-darwin17.7.0
ac_cv_lib_crypto_AES_set_encrypt_key=yes
ac_cv_lib_crypto_BF_set_key=yes
ac_cv_lib_crypto_EVP_EncryptInit=yes
ac_cv_lib_fl_yywrap=no
ac_cv_lib_l_yywrap=yes
ac_cv_lib_z_deflate=yes
ac_cv_objext=o
ac_cv_path_install='/usr/bin/install -c'
ac_cv_prog_CPP='gcc -E'
ac_cv_prog_LEX=flex
ac_cv_prog_YACC='bison -y'
ac_cv_prog_ac_ct_CC=gcc
ac_cv_prog_cc_g=yes
ac_cv_prog_cc_stdc=
ac_cv_prog_egrep='grep -E'
ac_cv_prog_lex_root=lex.yy
ac_cv_prog_lex_yytext_pointer=yes
ac_cv_search_gethostbyname='none required'
ac_cv_search_inet_ntoa='none required'
ac_cv_search_nanosleep='none required'
ac_cv_search_setproctitle=no
ac_cv_search_socket='none required'
ac_cv_target=i386-apple-darwin17.7.0
ac_cv_target_alias=i386-apple-darwin17.7.0

## ----------------- ##
## Output variables. ##
## ----------------- ##

CC='gcc'
CFLAGS='-g -O2'
CPP='gcc -E'
CPPFLAGS=' -I/usr/local/include/openssl/ -I/usr/local/include/openssl/ -I/usr/local/include/openssl/ -I/usr/local/include/openssl/ -I/usr/local/include/openssl/'
DEFS='-DHAVE_CONFIG_H'
ECHO_C='ECHO_N=''
ECHO_T=''
EGREP='grep -E'
EXEEXT=''
INSTALL_DATA='${INSTALL} -m 644'
INSTALL_PROGRAM='${INSTALL}'
INSTALL_SCRIPT='${INSTALL}'
LDFLAGS=''
LEX='flex'
LEXLIB='-ll'
LEX_OUTPUT_ROOT='lex.yy'
LIBOBJS=''
LIBS=' -lz -lcrypto'
LTLIBOBJS=''
OBJEXT='o'
PACKAGE_BUGREPORT=''
PACKAGE_NAME=''
PACKAGE_STRING=''
PACKAGE_TARNAME=''
PACKAGE_VERSION=''
PATH_SEPARATOR=':'
SHELL='/bin/sh'
YACC='bison -y'
ac_ct_CC='gcc'
bindir='${exec_prefix}/bin'
build='i386-apple-darwin17.7.0'
build_alias=''
build_cpu='i386'
build_os='darwin17.7.0'
build_vendor='apple'
datadir='${prefix}/share'
exec_prefix='${prefix}'
host='i386-apple-darwin17.7.0'
host_alias=''
host_cpu='i386'
host_os='darwin17.7.0'
host_vendor='apple'
includedir='/usr/local/include/'
infodir='${prefix}/info'
libdir='/usr/local/lib/'
libexecdir='${exec_prefix}/libexec'
localstatedir='${prefix}/var'
mandir='${prefix}/man'
oldincludedir='/usr/include'
prefix='/usr/local'
program_transform_name='s,x,x,'
sbindir='${exec_prefix}/sbin'
sharedstatedir='${prefix}/com'
sysconfdir='${prefix}/etc'
target='i386-apple-darwin17.7.0'
target_alias=''
target_cpu='i386'
target_os='darwin17.7.0'
target_vendor='apple'

## ----------- ##
## confdefs.h. ##
## ----------- ##

#define ENABLE_NAT_HACK 1
#define HAVE_ARPA_INET_H 1
#define HAVE_GRANTPT 1
#define HAVE_INTTYPES_H 1
#define HAVE_MEMORY_H 1
#define HAVE_NETDB_H 1
#define HAVE_NETINET_IN_H 1
#define HAVE_NETINET_IN_SYSTM_H 1
#define HAVE_NETINET_IP_H 1
#define HAVE_NETINET_TCP_H 1
#define HAVE_PTSNAME 1
#define HAVE_RESOLV_H 1
#define HAVE_SCHED_H 1
#define HAVE_SHAPER 1
#define HAVE_SSL 1
#define HAVE_SSL_AES 1
#define HAVE_SSL_BLOWFISH 1
#define HAVE_SSL_EVP 1
#define HAVE_STDINT_H 1
#define HAVE_STDLIB_H 1
#define HAVE_STRINGS_H 1
#define HAVE_STRING_H 1
#define HAVE_SYS_RESOURCE_H 1
#define HAVE_SYS_SOCKIO_H 1
#define HAVE_SYS_STAT_H 1
#define HAVE_SYS_TYPES_H 1
#define HAVE_UNISTD_H 1
#define HAVE_UNLOCKPT 1
#define HAVE_ZLIB 1
#define PACKAGE_BUGREPORT ""
#define PACKAGE_NAME ""
#define PACKAGE_STRING ""
#define PACKAGE_TARNAME ""
#define PACKAGE_VERSION ""
#define STDC_HEADERS 1
#define VTUN_VER "3.X 11/08/2018"
#define YYTEXT_POINTER 1

configure: exit 0
